This is pdfTeX, Version 3.14159265-2.6-1.40.20 (MiKTeX 2.9.7250 64-bit) (preloaded format=pdflatex 2019.12.4)  15 FEB 2020 15:50
entering extended mode
**./User_Guide.tex
(User_Guide.tex
LaTeX2e <2019-10-01>

("C:\Users\yohan\AppData\Local\Programs\MiKTeX 2.9\tex/generic/oberdiek\ifluate
x.sty"
Package: ifluatex 2016/05/16 v1.4 Provides the ifluatex switch (HO)
Package ifluatex Info: LuaTeX not detected.
)
("C:\Users\yohan\AppData\Local\Programs\MiKTeX 2.9\tex/latex/base\article.cls"
Document Class: article 2019/08/27 v1.4j Standard LaTeX document class
("C:\Users\yohan\AppData\Local\Programs\MiKTeX 2.9\tex/latex/base\size11.clo"
File: size11.clo 2019/08/27 v1.4j Standard LaTeX file (size option)
)
\c@part=\count80
\c@section=\count81
\c@subsection=\count82
\c@subsubsection=\count83
\c@paragraph=\count84
\c@subparagraph=\count85
\c@figure=\count86
\c@table=\count87
\abovecaptionskip=\skip41
\belowcaptionskip=\skip42
\bibindent=\dimen102
)
("C:\Users\yohan\AppData\Local\Programs\MiKTeX 2.9\tex/latex/hyperref\hyperref.
sty"
Package: hyperref 2019/09/28 v7.00a Hypertext links for LaTeX

("C:\Users\yohan\AppData\Local\Programs\MiKTeX 2.9\tex/latex/hobsub\hobsub-hype
rref.sty"
Package: hobsub-hyperref 2019-11-14
hobsub not currently supported, see hobsub.dtx to extract original code

("C:\Users\yohan\AppData\Local\Programs\MiKTeX 2.9\tex/generic/oberdiek\ltxcmds
.sty"
Package: ltxcmds 2016/05/16 v1.23 LaTeX kernel commands for general use (HO)
)
("C:\Users\yohan\AppData\Local\Programs\MiKTeX 2.9\tex/generic/oberdiek\ifvtex.
sty"
Package: ifvtex 2016/05/16 v1.6 Detect VTeX and its facilities (HO)
Package ifvtex Info: VTeX not detected.
)
("C:\Users\yohan\AppData\Local\Programs\MiKTeX 2.9\tex/latex/pdftexcmds\pdftexc
mds.sty"
Package: pdftexcmds 2019/11/24 v0.31 Utility functions of pdfTeX for LuaTeX (HO
)

("C:\Users\yohan\AppData\Local\Programs\MiKTeX 2.9\tex/generic/oberdiek\infware
rr.sty"
Package: infwarerr 2016/05/16 v1.4 Providing info/warning/error messages (HO)
)
("C:\Users\yohan\AppData\Local\Programs\MiKTeX 2.9\tex/generic/iftex\iftex.sty"
Package: iftex 2019/11/07 v1.0c TeX engine tests
)
Package pdftexcmds Info: \pdf@primitive is available.
Package pdftexcmds Info: \pdf@ifprimitive is available.
Package pdftexcmds Info: \pdfdraftmode found.
)
("C:\Users\yohan\AppData\Local\Programs\MiKTeX 2.9\tex/latex/graphics\keyval.st
y"
Package: keyval 2014/10/28 v1.15 key=value parser (DPC)
\KV@toks@=\toks14
)
("C:\Users\yohan\AppData\Local\Programs\MiKTeX 2.9\tex/generic/oberdiek\kvsetke
ys.sty"
Package: kvsetkeys 2016/05/16 v1.17 Key value parser (HO)

("C:\Users\yohan\AppData\Local\Programs\MiKTeX 2.9\tex/generic/oberdiek\etexcmd
s.sty"
Package: etexcmds 2016/05/16 v1.6 Avoid name clashes with e-TeX commands (HO)
))
("C:\Users\yohan\AppData\Local\Programs\MiKTeX 2.9\tex/generic/oberdiek\kvdefin
ekeys.sty"
Package: kvdefinekeys 2016/05/16 v1.4 Define keys (HO)
)
("C:\Users\yohan\AppData\Local\Programs\MiKTeX 2.9\tex/generic/oberdiek\pdfesca
pe.sty"
Package: pdfescape 2016/05/16 v1.14 Implements pdfTeX's escape features (HO)
)
("C:\Users\yohan\AppData\Local\Programs\MiKTeX 2.9\tex/latex/oberdiek\hycolor.s
ty"
Package: hycolor 2016/05/16 v1.8 Color options for hyperref/bookmark (HO)

("C:\Users\yohan\AppData\Local\Programs\MiKTeX 2.9\tex/latex/oberdiek\xcolor-pa
tch.sty"
Package: xcolor-patch 2016/05/16 xcolor patch

("C:\Users\yohan\AppData\Local\Programs\MiKTeX 2.9\tex/latex/oberdiek\hopatch.s
ty"
Package: hopatch 2016/05/16 v1.3 Wrapper for package hooks (HO)
)))
("C:\Users\yohan\AppData\Local\Programs\MiKTeX 2.9\tex/latex/oberdiek\letltxmac
ro.sty"
Package: letltxmacro 2016/05/16 v1.5 Let assignment for LaTeX macros (HO)
))
("C:\Users\yohan\AppData\Local\Programs\MiKTeX 2.9\tex/latex/oberdiek\auxhook.s
ty"
Package: auxhook 2016/05/16 v1.4 Hooks for auxiliary files (HO)
)
("C:\Users\yohan\AppData\Local\Programs\MiKTeX 2.9\tex/generic/oberdiek\ifpdf.s
ty"
Package: ifpdf 2018/09/07 v3.3 Provides the ifpdf switch
)
("C:\Users\yohan\AppData\Local\Programs\MiKTeX 2.9\tex/generic/ifxetex\ifxetex.
sty"
Package: ifxetex 2010/09/12 v0.6 Provides ifxetex conditional
)
("C:\Users\yohan\AppData\Local\Programs\MiKTeX 2.9\tex/latex/oberdiek\kvoptions
.sty"
Package: kvoptions 2016/05/16 v3.12 Key value format for package options (HO)
)
\@linkdim=\dimen103
\Hy@linkcounter=\count88
\Hy@pagecounter=\count89

("C:\Users\yohan\AppData\Local\Programs\MiKTeX 2.9\tex/latex/hyperref\pd1enc.de
f"
File: pd1enc.def 2019/09/28 v7.00a Hyperref: PDFDocEncoding definition (HO)
Now handling font encoding PD1 ...
... no UTF-8 mapping file for font encoding PD1
)
("C:\Users\yohan\AppData\Local\Programs\MiKTeX 2.9\tex/generic/oberdiek\intcalc
.sty"
Package: intcalc 2016/05/16 v1.2 Expandable calculations with integers (HO)
)
\Hy@SavedSpaceFactor=\count90

("C:\Users\yohan\AppData\Local\Programs\MiKTeX 2.9\tex/latex/00miktex\hyperref.
cfg"
File: hyperref.cfg 2002/06/06 v1.2 hyperref configuration of TeXLive
)
Package hyperref Info: Hyper figures OFF on input line 4540.
Package hyperref Info: Link nesting OFF on input line 4545.
Package hyperref Info: Hyper index ON on input line 4548.
Package hyperref Info: Plain pages OFF on input line 4555.
Package hyperref Info: Backreferencing OFF on input line 4560.
Package hyperref Info: Implicit mode ON; LaTeX internals redefined.
Package hyperref Info: Bookmarks ON on input line 4793.
\c@Hy@tempcnt=\count91
 ("C:\Users\yohan\AppData\Local\Programs\MiKTeX 2.9\tex/latex/url\url.sty"
\Urlmuskip=\muskip10
Package: url 2013/09/16  ver 3.4  Verb mode for urls, etc.
)
LaTeX Info: Redefining \url on input line 5152.
\XeTeXLinkMargin=\dimen104

("C:\Users\yohan\AppData\Local\Programs\MiKTeX 2.9\tex/generic/oberdiek\bitset.
sty"
Package: bitset 2016/05/16 v1.2 Handle bit-vector datatype (HO)

("C:\Users\yohan\AppData\Local\Programs\MiKTeX 2.9\tex/generic/oberdiek\bigintc
alc.sty"
Package: bigintcalc 2016/05/16 v1.4 Expandable calculations on big integers (HO
)
))
\Fld@menulength=\count92
\Field@Width=\dimen105
\Fld@charsize=\dimen106
Package hyperref Info: Hyper figures OFF on input line 6423.
Package hyperref Info: Link nesting OFF on input line 6428.
Package hyperref Info: Hyper index ON on input line 6431.
Package hyperref Info: backreferencing OFF on input line 6438.
Package hyperref Info: Link coloring OFF on input line 6443.
Package hyperref Info: Link coloring with OCG OFF on input line 6448.
Package hyperref Info: PDF/A mode OFF on input line 6453.
LaTeX Info: Redefining \ref on input line 6493.
LaTeX Info: Redefining \pageref on input line 6497.

("C:\Users\yohan\AppData\Local\Programs\MiKTeX 2.9\tex/generic/oberdiek\atbegsh
i.sty"
Package: atbegshi 2016/06/09 v1.18 At begin shipout hook (HO)
)
\Hy@abspage=\count93
\c@Item=\count94
\c@Hfootnote=\count95
)
Package hyperref Info: Driver (autodetected): hpdftex.

("C:\Users\yohan\AppData\Local\Programs\MiKTeX 2.9\tex/latex/hyperref\hpdftex.d
ef"
File: hpdftex.def 2019/09/28 v7.00a Hyperref driver for pdfTeX

("C:\Users\yohan\AppData\Local\Programs\MiKTeX 2.9\tex/latex/oberdiek\atveryend
.sty"
Package: atveryend 2016/05/16 v1.9 Hooks at the very end of document (HO)
Package atveryend Info: \enddocument detected (standard20110627).
)
\Fld@listcount=\count96
\c@bookmark@seq@number=\count97

("C:\Users\yohan\AppData\Local\Programs\MiKTeX 2.9\tex/latex/oberdiek\rerunfile
check.sty"
Package: rerunfilecheck 2016/05/16 v1.8 Rerun checks for auxiliary files (HO)

("C:\Users\yohan\AppData\Local\Programs\MiKTeX 2.9\tex/generic/oberdiek\uniquec
ounter.sty"
Package: uniquecounter 2016/05/16 v1.3 Provide unlimited unique counter (HO)
)
Package uniquecounter Info: New unique counter `rerunfilecheck' on input line 2
82.
)
\Hy@SectionHShift=\skip43
)
("C:\Users\yohan\AppData\Local\Programs\MiKTeX 2.9\tex/latex/graphics\graphicx.
sty"
Package: graphicx 2017/06/01 v1.1a Enhanced LaTeX Graphics (DPC,SPQR)

("C:\Users\yohan\AppData\Local\Programs\MiKTeX 2.9\tex/latex/graphics\graphics.
sty"
Package: graphics 2019/07/20 v1.3b Standard LaTeX Graphics (DPC,SPQR)

("C:\Users\yohan\AppData\Local\Programs\MiKTeX 2.9\tex/latex/graphics\trig.sty"
Package: trig 2016/01/03 v1.10 sin cos tan (DPC)
)
("C:\Users\yohan\AppData\Local\Programs\MiKTeX 2.9\tex/latex/graphics-cfg\graph
ics.cfg"
File: graphics.cfg 2016/06/04 v1.11 sample graphics configuration
)
Package graphics Info: Driver file: pdftex.def on input line 105.

("C:\Users\yohan\AppData\Local\Programs\MiKTeX 2.9\tex/latex/graphics-def\pdfte
x.def"
File: pdftex.def 2018/01/08 v1.0l Graphics/color driver for pdftex
))
\Gin@req@height=\dimen107
\Gin@req@width=\dimen108
)
("C:\Users\yohan\AppData\Local\Programs\MiKTeX 2.9\tex/latex/apacite\apacite.st
y"
Package: apacite 2013/07/21 v6.03 APA citation
\c@BibCnt=\count98
\bibleftmargin=\skip44
\bibindent=\skip45
\bibparsep=\skip46
\bibitemsep=\skip47
\biblabelsep=\skip48
)
("C:\Users\yohan\AppData\Local\Programs\MiKTeX 2.9\tex/latex/geometry\geometry.
sty"
Package: geometry 2018/04/16 v5.8 Page Geometry
\Gm@cnth=\count99
\Gm@cntv=\count100
\c@Gm@tempcnt=\count101
\Gm@bindingoffset=\dimen109
\Gm@wd@mp=\dimen110
\Gm@odd@mp=\dimen111
\Gm@even@mp=\dimen112
\Gm@layoutwidth=\dimen113
\Gm@layoutheight=\dimen114
\Gm@layouthoffset=\dimen115
\Gm@layoutvoffset=\dimen116
\Gm@dimlist=\toks15

("C:\Users\yohan\AppData\Local\Programs\MiKTeX 2.9\tex/latex/geometry\geometry.
cfg"))
("C:\Users\yohan\AppData\Local\Programs\MiKTeX 2.9\tex/latex/comment\comment.st
y"
\CommentStream=\write3
 Excluding comment 'comment')
("C:\Users\yohan\AppData\Local\Programs\MiKTeX 2.9\tex/generic/babel\babel.sty"
Package: babel 2019/09/27 3.34 The Babel package
("C:\Users\yohan\AppData\Local\Programs\MiKTeX 2.9\tex/generic/babel\switch.def
"
File: switch.def 2019/09/27 3.34 Babel switching mechanism
)
*************************************
* Local config file bblopts.cfg used
*
("C:\Users\yohan\AppData\Local\Programs\MiKTeX 2.9\tex/latex/arabi\bblopts.cfg"
File: bblopts.cfg 2005/09/08 v0.1 add Arabic and Farsi to "declared" options of
 babel
)
("C:\Users\yohan\AppData\Local\Programs\MiKTeX 2.9\tex/latex/babel-english\engl
ish.ldf"
Language: english 2017/06/06 v3.3r English support from the babel system

("C:\Users\yohan\AppData\Local\Programs\MiKTeX 2.9\tex/generic/babel\babel.def"
File: babel.def 2019/09/27 3.34 Babel common definitions
\babel@savecnt=\count102
\U@D=\dimen117

("C:\Users\yohan\AppData\Local\Programs\MiKTeX 2.9\tex/generic/babel\txtbabel.d
ef")
\bbl@dirlevel=\count103
)
\l@canadian = a dialect from \language\l@american 
\l@australian = a dialect from \language\l@british 
\l@newzealand = a dialect from \language\l@british 
))
("C:\Users\yohan\AppData\Local\Programs\MiKTeX 2.9\tex/latex/titlesec\titlesec.
sty"
Package: titlesec 2019/10/16 v2.13 Sectioning titles
\ttl@box=\box27
\beforetitleunit=\skip49
\aftertitleunit=\skip50
\ttl@plus=\dimen118
\ttl@minus=\dimen119
\ttl@toksa=\toks16
\titlewidth=\dimen120
\titlewidthlast=\dimen121
\titlewidthfirst=\dimen122
)
("C:\Users\yohan\AppData\Local\Programs\MiKTeX 2.9\tex/latex/setspace\setspace.
sty"
Package: setspace 2011/12/19 v6.7a set line spacing
) ("C:\Users\yohan\AppData\Local\Programs\MiKTeX 2.9\tex/latex/mwe\mwe.sty"
Package: mwe 2018/03/30 v0.5 Package to support minimal working examples (MWE)
("C:\Users\yohan\AppData\Local\Programs\MiKTeX 2.9\tex/latex/lipsum\lipsum.sty"
("C:\Users\yohan\AppData\Local\Programs\MiKTeX 2.9\tex/latex/l3kernel\expl3.sty
"
Package: expl3 2019-11-07 L3 programming layer (loader) 

("C:\Users\yohan\AppData\Local\Programs\MiKTeX 2.9\tex/latex/l3kernel\expl3-cod
e.tex"
Package: expl3 2019-11-07 L3 programming layer (code)
\c_max_int=\count104
\l_tmpa_int=\count105
\l_tmpb_int=\count106
\g_tmpa_int=\count107
\g_tmpb_int=\count108
\l__seq_internal_a_int=\count109
\l__seq_internal_b_int=\count110
\g__kernel_prg_map_int=\count111
\c__ior_term_noprompt_ior=\count112
\c_log_iow=\count113
\l_iow_line_count_int=\count114
\l__iow_line_target_int=\count115
\l__iow_one_indent_int=\count116
\l__iow_indent_int=\count117
\c_zero_dim=\dimen123
\c_max_dim=\dimen124
\l_tmpa_dim=\dimen125
\l_tmpb_dim=\dimen126
\g_tmpa_dim=\dimen127
\g_tmpb_dim=\dimen128
\c_zero_skip=\skip51
\c_max_skip=\skip52
\l_tmpa_skip=\skip53
\l_tmpb_skip=\skip54
\g_tmpa_skip=\skip55
\g_tmpb_skip=\skip56
\c_zero_muskip=\muskip11
\c_max_muskip=\muskip12
\l_tmpa_muskip=\muskip13
\l_tmpb_muskip=\muskip14
\g_tmpa_muskip=\muskip15
\g_tmpb_muskip=\muskip16
\l_keys_choice_int=\count118
\l__intarray_loop_int=\count119
\c__intarray_sp_dim=\dimen129
\g__intarray_font_int=\count120
\c__fp_leading_shift_int=\count121
\c__fp_middle_shift_int=\count122
\c__fp_trailing_shift_int=\count123
\c__fp_big_leading_shift_int=\count124
\c__fp_big_middle_shift_int=\count125
\c__fp_big_trailing_shift_int=\count126
\c__fp_Bigg_leading_shift_int=\count127
\c__fp_Bigg_middle_shift_int=\count128
\c__fp_Bigg_trailing_shift_int=\count129
\c__kernel_randint_max_int=\count130
\g__fp_array_int=\count131
\l__fp_array_loop_int=\count132
\l__sort_length_int=\count133
\l__sort_min_int=\count134
\l__sort_top_int=\count135
\l__sort_max_int=\count136
\l__sort_true_max_int=\count137
\l__sort_block_int=\count138
\l__sort_begin_int=\count139
\l__sort_end_int=\count140
\l__sort_A_int=\count141
\l__sort_B_int=\count142
\l__sort_C_int=\count143
\l__str_internal_int=\count144
\c__str_replacement_char_int=\count145
\l__tl_analysis_normal_int=\count146
\l__tl_analysis_index_int=\count147
\l__tl_analysis_nesting_int=\count148
\l__tl_analysis_type_int=\count149
\l__regex_internal_a_int=\count150
\l__regex_internal_b_int=\count151
\l__regex_internal_c_int=\count152
\l__regex_balance_int=\count153
\l__regex_group_level_int=\count154
\l__regex_mode_int=\count155
\c__regex_cs_in_class_mode_int=\count156
\c__regex_cs_mode_int=\count157
\l__regex_catcodes_int=\count158
\l__regex_default_catcodes_int=\count159
\c__regex_catcode_D_int=\count160
\c__regex_catcode_S_int=\count161
\c__regex_catcode_L_int=\count162
\c__regex_catcode_O_int=\count163
\c__regex_catcode_A_int=\count164
\c__regex_all_catcodes_int=\count165
\l__regex_show_lines_int=\count166
\l__regex_min_state_int=\count167
\l__regex_max_state_int=\count168
\l__regex_left_state_int=\count169
\l__regex_right_state_int=\count170
\l__regex_capturing_group_int=\count171
\l__regex_min_pos_int=\count172
\l__regex_max_pos_int=\count173
\l__regex_curr_pos_int=\count174
\l__regex_start_pos_int=\count175
\l__regex_success_pos_int=\count176
\l__regex_curr_char_int=\count177
\l__regex_curr_catcode_int=\count178
\l__regex_last_char_int=\count179
\l__regex_case_changed_char_int=\count180
\l__regex_curr_state_int=\count181
\l__regex_step_int=\count182
\l__regex_min_active_int=\count183
\l__regex_max_active_int=\count184
\l__regex_replacement_csnames_int=\count185
\l__regex_match_count_int=\count186
\l__regex_min_submatch_int=\count187
\l__regex_submatch_int=\count188
\l__regex_zeroth_submatch_int=\count189
\g__regex_trace_regex_int=\count190
\c_empty_box=\box28
\l_tmpa_box=\box29
\l_tmpb_box=\box30
\g_tmpa_box=\box31
\g_tmpb_box=\box32
\l__box_top_dim=\dimen130
\l__box_bottom_dim=\dimen131
\l__box_left_dim=\dimen132
\l__box_right_dim=\dimen133
\l__box_top_new_dim=\dimen134
\l__box_bottom_new_dim=\dimen135
\l__box_left_new_dim=\dimen136
\l__box_right_new_dim=\dimen137
\l__box_internal_box=\box33
\l__coffin_internal_box=\box34
\l__coffin_internal_dim=\dimen138
\l__coffin_offset_x_dim=\dimen139
\l__coffin_offset_y_dim=\dimen140
\l__coffin_x_dim=\dimen141
\l__coffin_y_dim=\dimen142
\l__coffin_x_prime_dim=\dimen143
\l__coffin_y_prime_dim=\dimen144
\c_empty_coffin=\box35
\l__coffin_aligned_coffin=\box36
\l__coffin_aligned_internal_coffin=\box37
\l_tmpa_coffin=\box38
\l_tmpb_coffin=\box39
\g_tmpa_coffin=\box40
\g_tmpb_coffin=\box41
\l__coffin_bounding_shift_dim=\dimen145
\l__coffin_left_corner_dim=\dimen146
\l__coffin_right_corner_dim=\dimen147
\l__coffin_bottom_corner_dim=\dimen148
\l__coffin_top_corner_dim=\dimen149
\l__coffin_scaled_total_height_dim=\dimen150
\l__coffin_scaled_width_dim=\dimen151
\c__coffin_empty_coffin=\box42
\l__coffin_display_coffin=\box43
\l__coffin_display_coord_coffin=\box44
\l__coffin_display_pole_coffin=\box45
\l__coffin_display_offset_dim=\dimen152
\l__coffin_display_x_dim=\dimen153
\l__coffin_display_y_dim=\dimen154
\g__char_data_ior=\read1

("C:\Users\yohan\AppData\Local\Programs\MiKTeX 2.9\tex/latex/l3kernel\l3depreca
tion.def"
File: l3deprecation.def 2019-04-06 v L3 Deprecated functions
))
("C:\Users\yohan\AppData\Local\Programs\MiKTeX 2.9\tex/latex/l3backend\l3backen
d-pdfmode.def"
File: l3backend-pdfmode.def 2019-04-06 L3 backend support: PDF mode
\l__kernel_color_stack_int=\count191
\l__pdf_internal_box=\box46
))
("C:\Users\yohan\AppData\Local\Programs\MiKTeX 2.9\tex/latex/l3packages/xparse\
xparse.sty"
Package: xparse 2019-10-11 L3 Experimental document command parser
\l__xparse_current_arg_int=\count192
\g__xparse_grabber_int=\count193
\l__xparse_m_args_int=\count194
\l__xparse_v_nesting_int=\count195
)
Package: lipsum 2019/01/02 v2.2 150 paragraphs of Lorem Ipsum dummy text

("C:\Users\yohan\AppData\Local\Programs\MiKTeX 2.9\tex/latex/lipsum\lipsum.ltd.
tex"
File: lipsum.ltd.tex 2019/01/02 v2.2 The Lorem ipsum dummy text
))
("C:\Users\yohan\AppData\Local\Programs\MiKTeX 2.9\tex/latex/blindtext\blindtex
t.sty"
Package: blindtext 2012/01/06 V2.0 blindtext-Package

("C:\Users\yohan\AppData\Local\Programs\MiKTeX 2.9\tex/latex/tools\xspace.sty"
Package: xspace 2014/10/28 v1.13 Space after command names (DPC,MH)
)
\c@blindtext=\count196
\c@Blindtext=\count197
\c@blind@countparstart=\count198
\blind@countxx=\count199
\blindtext@numBlindtext=\count266
\blind@countyy=\count267
\c@blindlist=\count268
\c@blindlistlevel=\count269
\c@blindlist@level=\count270
\blind@listitem=\count271
\c@blind@listcount=\count272
\c@blind@levelcount=\count273
\blind@mathformula=\count274
\blind@Mathformula=\count275
\c@blind@randomcount=\count276
\c@blind@randommax=\count277
\c@blind@pangramcount=\count278
\c@blind@pangrammax=\count279
))
("C:\Users\yohan\AppData\Local\Programs\MiKTeX 2.9\tex/latex/base\inputenc.sty"
Package: inputenc 2018/08/11 v1.3c Input encoding file
\inpenc@prehook=\toks17
\inpenc@posthook=\toks18
)
("C:\Users\yohan\AppData\Local\Programs\MiKTeX 2.9\tex/latex/listings\listings.
sty"
\lst@mode=\count280
\lst@gtempboxa=\box47
\lst@token=\toks19
\lst@length=\count281
\lst@currlwidth=\dimen155
\lst@column=\count282
\lst@pos=\count283
\lst@lostspace=\dimen156
\lst@width=\dimen157
\lst@newlines=\count284
\lst@lineno=\count285
\lst@maxwidth=\dimen158

("C:\Users\yohan\AppData\Local\Programs\MiKTeX 2.9\tex/latex/listings\lstmisc.s
ty"
File: lstmisc.sty 2019/09/10 1.8c (Carsten Heinz)
\c@lstnumber=\count286
\lst@skipnumbers=\count287
\lst@framebox=\box48
)
("C:\Users\yohan\AppData\Local\Programs\MiKTeX 2.9\tex/latex/listings\listings.
cfg"
File: listings.cfg 2019/09/10 1.8c listings configuration
))
Package: listings 2019/09/10 1.8c (Carsten Heinz)

("C:\Users\yohan\AppData\Local\Programs\MiKTeX 2.9\tex/latex/graphics\color.sty
"
Package: color 2016/07/10 v1.1e Standard LaTeX Color (DPC)

("C:\Users\yohan\AppData\Local\Programs\MiKTeX 2.9\tex/latex/graphics-cfg\color
.cfg"
File: color.cfg 2016/01/02 v1.6 sample color configuration
)
Package color Info: Driver file: pdftex.def on input line 147.
)
("C:\Users\yohan\AppData\Local\Programs\MiKTeX 2.9\tex/latex/koma-script\scrpag
e2.sty"
Package: scrpage2 2019/10/12 v3.27 KOMA-Script package (page head and foot)


Package scrpage2 Warning: usage of obsolete package!
(scrpage2)                Package `scrpage2' is obsolete.
(scrpage2)                You should not longer use package `scrpage2'.
(scrpage2)                You should replace usage of package `scrpage2'
(scrpage2)                by `scrlayer-scrpage' on input line 52.

)
("C:\Users\yohan\AppData\Local\Programs\MiKTeX 2.9\tex/latex/glossaries/base\gl
ossaries.sty"
Package: glossaries 2019/12/06 v4.44 (NLCT)

("C:\Users\yohan\AppData\Local\Programs\MiKTeX 2.9\tex/latex/base\ifthen.sty"
Package: ifthen 2014/09/29 v1.1c Standard LaTeX ifthen package (DPC)
)
("C:\Users\yohan\AppData\Local\Programs\MiKTeX 2.9\tex/latex/xkeyval\xkeyval.st
y"
Package: xkeyval 2014/12/03 v2.7a package option processing (HA)

("C:\Users\yohan\AppData\Local\Programs\MiKTeX 2.9\tex/generic/xkeyval\xkeyval.
tex"
("C:\Users\yohan\AppData\Local\Programs\MiKTeX 2.9\tex/generic/xkeyval\xkvutils
.tex"
\XKV@toks=\toks20
\XKV@tempa@toks=\toks21
)
\XKV@depth=\count288
File: xkeyval.tex 2014/12/03 v2.7a key=value parser (HA)
))
("C:\Users\yohan\AppData\Local\Programs\MiKTeX 2.9\tex/latex/mfirstuc\mfirstuc.
sty"
Package: mfirstuc 2017/11/14 v2.06 (NLCT)

("C:\Users\yohan\AppData\Local\Programs\MiKTeX 2.9\tex/latex/etoolbox\etoolbox.
sty"
Package: etoolbox 2019/09/21 v2.5h e-TeX tools for LaTeX (JAW)
\etb@tempcnta=\count289
)
\@glsmfirst=\toks22
\@glsmrest=\toks23
)
("C:\Users\yohan\AppData\Local\Programs\MiKTeX 2.9\tex/latex/textcase\textcase.
sty"
Package: textcase 2019/09/14 v1.00 Text only upper/lower case changing (DPC)
) ("C:\Users\yohan\AppData\Local\Programs\MiKTeX 2.9\tex/latex/xfor\xfor.sty"
Package: xfor 2009/02/05 v1.05 (NLCT)
)
("C:\Users\yohan\AppData\Local\Programs\MiKTeX 2.9\tex/latex/datatool\datatool-
base.sty"
Package: datatool-base 2019/09/27 v2.32 (NLCT)

("C:\Users\yohan\AppData\Local\Programs\MiKTeX 2.9\tex/latex/amsmath\amsmath.st
y"
Package: amsmath 2019/04/01 v2.17c AMS math features
\@mathmargin=\skip57

For additional information on amsmath, use the `?' option.

("C:\Users\yohan\AppData\Local\Programs\MiKTeX 2.9\tex/latex/amsmath\amstext.st
y"
Package: amstext 2000/06/29 v2.01 AMS text

("C:\Users\yohan\AppData\Local\Programs\MiKTeX 2.9\tex/latex/amsmath\amsgen.sty
"
File: amsgen.sty 1999/11/30 v2.0 generic functions
\@emptytoks=\toks24
\ex@=\dimen159
))
("C:\Users\yohan\AppData\Local\Programs\MiKTeX 2.9\tex/latex/amsmath\amsbsy.sty
"
Package: amsbsy 1999/11/29 v1.2d Bold Symbols
\pmbraise@=\dimen160
)
("C:\Users\yohan\AppData\Local\Programs\MiKTeX 2.9\tex/latex/amsmath\amsopn.sty
"
Package: amsopn 2016/03/08 v2.02 operator names
)
\inf@bad=\count290
LaTeX Info: Redefining \frac on input line 227.
\uproot@=\count291
\leftroot@=\count292
LaTeX Info: Redefining \overline on input line 389.
\classnum@=\count293
\DOTSCASE@=\count294
LaTeX Info: Redefining \ldots on input line 486.
LaTeX Info: Redefining \dots on input line 489.
LaTeX Info: Redefining \cdots on input line 610.
\Mathstrutbox@=\box49
\strutbox@=\box50
\big@size=\dimen161
LaTeX Font Info:    Redeclaring font encoding OML on input line 733.
LaTeX Font Info:    Redeclaring font encoding OMS on input line 734.
\macc@depth=\count295
\c@MaxMatrixCols=\count296
\dotsspace@=\muskip17
\c@parentequation=\count297
\dspbrk@lvl=\count298
\tag@help=\toks25
\row@=\count299
\column@=\count300
\maxfields@=\count301
\andhelp@=\toks26
\eqnshift@=\dimen162
\alignsep@=\dimen163
\tagshift@=\dimen164
\tagwidth@=\dimen165
\totwidth@=\dimen166
\lineht@=\dimen167
\@envbody=\toks27
\multlinegap=\skip58
\multlinetaggap=\skip59
\mathdisplay@stack=\toks28
LaTeX Info: Redefining \[ on input line 2855.
LaTeX Info: Redefining \] on input line 2856.
)
("C:\Users\yohan\AppData\Local\Programs\MiKTeX 2.9\tex/latex/substr\substr.sty"
Package: substr 2009/10/20 v1.2 Handle substrings
\c@su@anzahl=\count302
)
("C:\Users\yohan\AppData\Local\Programs\MiKTeX 2.9\tex/latex/datatool\datatool-
fp.sty"
Package: datatool-fp 2019/09/27 v2.32 (NLCT)
 ("C:\Users\yohan\AppData\Local\Programs\MiKTeX 2.9\tex/latex/fp\fp.sty"
Package: fp 1995/04/02
`Fixed Point Package', Version 0.8, April 2, 1995 (C) Michael Mehlich
("C:\Users\yohan\AppData\Local\Programs\MiKTeX 2.9\tex/latex/fp\defpattern.sty"
Package: defpattern 1994/10/12
\actioncount=\count303
) ("C:\Users\yohan\AppData\Local\Programs\MiKTeX 2.9\tex/latex/fp\fp-basic.sty"
Package: fp-basic 1996/05/13
\FP@xs=\count304
\FP@xia=\count305
\FP@xib=\count306
\FP@xfa=\count307
\FP@xfb=\count308
\FP@rega=\count309
\FP@regb=\count310
\FP@regs=\count311
\FP@times=\count312
) ("C:\Users\yohan\AppData\Local\Programs\MiKTeX 2.9\tex/latex/fp\fp-addons.sty
"
Package: fp-addons 1995/03/15
) ("C:\Users\yohan\AppData\Local\Programs\MiKTeX 2.9\tex/latex/fp\fp-snap.sty"
Package: fp-snap 1995/04/05
) ("C:\Users\yohan\AppData\Local\Programs\MiKTeX 2.9\tex/latex/fp\fp-exp.sty"
Package: fp-exp 1995/04/03
)
("C:\Users\yohan\AppData\Local\Programs\MiKTeX 2.9\tex/latex/fp\fp-trigo.sty"
Package: fp-trigo 1995/04/14
)
("C:\Users\yohan\AppData\Local\Programs\MiKTeX 2.9\tex/latex/fp\fp-pas.sty"
Package: fp-pas 1994/08/29
)
("C:\Users\yohan\AppData\Local\Programs\MiKTeX 2.9\tex/latex/fp\fp-random.sty"
Package: fp-random 1995/02/23
\FPseed=\count313
) ("C:\Users\yohan\AppData\Local\Programs\MiKTeX 2.9\tex/latex/fp\fp-eqn.sty"
Package: fp-eqn 1995/04/03
)
("C:\Users\yohan\AppData\Local\Programs\MiKTeX 2.9\tex/latex/fp\fp-upn.sty"
Package: fp-upn 1996/10/21
)
("C:\Users\yohan\AppData\Local\Programs\MiKTeX 2.9\tex/latex/fp\fp-eval.sty"
Package: fp-eval 1995/04/03
)))
\@dtl@toks=\toks29
\@dtl@tmpcount=\count314
\dtl@tmplength=\skip60
\dtl@sortresult=\count315
\@dtl@numgrpsepcount=\count316
\@dtl@datatype=\count317
\dtl@codeA=\count318
\dtl@codeB=\count319
\@dtl@foreach@level=\count320
)
("C:\Users\yohan\AppData\Local\Programs\MiKTeX 2.9\tex/latex/glossaries/base\gl
ossaries-compatible-307.sty"
Package: glossaries-compatible-307 2019/12/06 v4.44 (NLCT)
)
("C:\Users\yohan\AppData\Local\Programs\MiKTeX 2.9\tex/latex/tracklang\tracklan
g.sty"
Package: tracklang 2019/11/30 v1.4 (NLCT) Track Languages

("C:\Users\yohan\AppData\Local\Programs\MiKTeX 2.9\tex/generic/tracklang\trackl
ang.tex"))
("C:\Users\yohan\AppData\Local\Programs\MiKTeX 2.9\tex/latex/translator\transla
tor.sty"
Package: translator 2019-05-31 v1.12a Easy translation of strings in LaTeX
)
("C:\Users\yohan\AppData\Local\Programs\MiKTeX 2.9\tex/latex/glossaries-english
\glossaries-english.ldf"
File: glossaries-english.ldf 2014/11/23 v1.0
)
\gls@level=\count321
\@gls@tmpb=\toks30
\gls@tmplen=\skip61
\glskeylisttok=\toks31
\glslabeltok=\toks32
\glsshorttok=\toks33
\glslongtok=\toks34

("C:\Users\yohan\AppData\Local\Programs\MiKTeX 2.9\tex/latex/glossaries/styles\
glossary-hypernav.sty"
Package: glossary-hypernav 2019/12/06 v4.44 (NLCT)
)
("C:\Users\yohan\AppData\Local\Programs\MiKTeX 2.9\tex/latex/glossaries/styles\
glossary-list.sty"
Package: glossary-list 2019/12/06 v4.44 (NLCT)
\glslistdottedwidth=\skip62
)
("C:\Users\yohan\AppData\Local\Programs\MiKTeX 2.9\tex/latex/glossaries/styles\
glossary-long.sty"
Package: glossary-long 2019/12/06 v4.44 (NLCT)

("C:\Users\yohan\AppData\Local\Programs\MiKTeX 2.9\tex/latex/tools\longtable.st
y"
Package: longtable 2019/02/06 v4.12 Multi-page Table package (DPC)
\LTleft=\skip63
\LTright=\skip64
\LTpre=\skip65
\LTpost=\skip66
\LTchunksize=\count322
\LTcapwidth=\dimen168
\LT@head=\box51
\LT@firsthead=\box52
\LT@foot=\box53
\LT@lastfoot=\box54
\LT@cols=\count323
\LT@rows=\count324
\c@LT@tables=\count325
\c@LT@chunks=\count326
\LT@p@ftn=\toks35
)
\glsdescwidth=\skip67
\glspagelistwidth=\skip68
)
("C:\Users\yohan\AppData\Local\Programs\MiKTeX 2.9\tex/latex/glossaries/styles\
glossary-super.sty"
Package: glossary-super 2019/12/06 v4.44 (NLCT)

("C:\Users\yohan\AppData\Local\Programs\MiKTeX 2.9\tex/latex/supertabular\super
tabular.sty"
Package: supertabular 2004/02/20 v4.1e the supertabular environment
\c@tracingst=\count327
\ST@wd=\dimen169
\ST@rightskip=\skip69
\ST@leftskip=\skip70
\ST@parfillskip=\skip71
\ST@pageleft=\dimen170
\ST@headht=\dimen171
\ST@tailht=\dimen172
\ST@pagesofar=\dimen173
\ST@pboxht=\dimen174
\ST@lineht=\dimen175
\ST@stretchht=\dimen176
\ST@prevht=\dimen177
\ST@toadd=\dimen178
\ST@dimen=\dimen179
\ST@pbox=\box55
))
("C:\Users\yohan\AppData\Local\Programs\MiKTeX 2.9\tex/latex/glossaries/styles\
glossary-tree.sty"
Package: glossary-tree 2019/12/06 v4.44 (NLCT)
\glstreeindent=\skip72
)) (acronyms.tex)
\glswrite=\write4
\glo@acronym@file=\write5
\openout5 = `User_Guide.acn'.

Package glossaries Info: Writing glossary file User_Guide.acn on input line 49.


("C:\Users\yohan\AppData\Local\Programs\MiKTeX 2.9\tex/latex/listings\lstlang1.
sty"
File: lstlang1.sty 2019/09/10 1.8c listings language file
)
("C:\Users\yohan\AppData\Local\Programs\MiKTeX 2.9\tex/latex/listings\lstlang2.
sty"
File: lstlang2.sty 2019/09/10 1.8c listings language file
)
("C:\Users\yohan\AppData\Local\Programs\MiKTeX 2.9\tex/latex/listings\lstlang3.
sty"
File: lstlang3.sty 2019/09/10 1.8c listings language file
) (User_Guide.aux)
\openout1 = `User_Guide.aux'.

LaTeX Font Info:    Checking defaults for OML/cmm/m/it on input line 76.
LaTeX Font Info:    ... okay on input line 76.
LaTeX Font Info:    Checking defaults for T1/cmr/m/n on input line 76.
LaTeX Font Info:    ... okay on input line 76.
LaTeX Font Info:    Checking defaults for OT1/cmr/m/n on input line 76.
LaTeX Font Info:    ... okay on input line 76.
LaTeX Font Info:    Checking defaults for OMS/cmsy/m/n on input line 76.
LaTeX Font Info:    ... okay on input line 76.
LaTeX Font Info:    Checking defaults for OMX/cmex/m/n on input line 76.
LaTeX Font Info:    ... okay on input line 76.
LaTeX Font Info:    Checking defaults for U/cmr/m/n on input line 76.
LaTeX Font Info:    ... okay on input line 76.
LaTeX Font Info:    Checking defaults for PD1/pdf/m/n on input line 76.
LaTeX Font Info:    ... okay on input line 76.
\AtBeginShipoutBox=\box56
Package hyperref Info: Link coloring OFF on input line 76.

("C:\Users\yohan\AppData\Local\Programs\MiKTeX 2.9\tex/latex/hyperref\nameref.s
ty"
Package: nameref 2019/09/16 v2.46 Cross-referencing by name of section

("C:\Users\yohan\AppData\Local\Programs\MiKTeX 2.9\tex/latex/oberdiek\refcount.
sty"
Package: refcount 2016/05/16 v3.5 Data extraction from label references (HO)
)
("C:\Users\yohan\AppData\Local\Programs\MiKTeX 2.9\tex/generic/oberdiek\gettitl
estring.sty"
Package: gettitlestring 2016/05/16 v1.5 Cleanup title references (HO)
)
\c@section@level=\count328
)
LaTeX Info: Redefining \ref on input line 76.
LaTeX Info: Redefining \pageref on input line 76.
LaTeX Info: Redefining \nameref on input line 76.
 (User_Guide.out) (User_Guide.out)
\@outlinefile=\write6
\openout6 = `User_Guide.out'.


("C:\Users\yohan\AppData\Local\Programs\MiKTeX 2.9\tex/context/base/mkii\supp-p
df.mkii"
[Loading MPS to PDF converter (version 2006.09.02).]
\scratchcounter=\count329
\scratchdimen=\dimen180
\scratchbox=\box57
\nofMPsegments=\count330
\nofMParguments=\count331
\everyMPshowfont=\toks36
\MPscratchCnt=\count332
\MPscratchDim=\dimen181
\MPnumerator=\count333
\makeMPintoPDFobject=\count334
\everyMPtoPDFconversion=\toks37
)
("C:\Users\yohan\AppData\Local\Programs\MiKTeX 2.9\tex/latex/oberdiek\epstopdf-
base.sty"
Package: epstopdf-base 2016/05/15 v2.6 Base part for package epstopdf

("C:\Users\yohan\AppData\Local\Programs\MiKTeX 2.9\tex/latex/oberdiek\grfext.st
y"
Package: grfext 2016/05/16 v1.2 Manage graphics extensions (HO)
)
Package epstopdf-base Info: Redefining graphics rule for `.eps' on input line 4
38.
Package grfext Info: Graphics extension search list:
(grfext)             [.pdf,.png,.jpg,.mps,.jpeg,.jbig2,.jb2,.PDF,.PNG,.JPG,.JPE
G,.JBIG2,.JB2,.eps]
(grfext)             \AppendGraphicsExtensions on input line 456.
)
\c@maskedRefs=\count335

("C:\Users\yohan\AppData\Local\Programs\MiKTeX 2.9\tex/latex/apacite\english.ap
c"
File: english.apc 2013/07/21 v6.03 apacite language file
LaTeX Info: Redefining \BPBI on input line 129.
LaTeX Info: Redefining \BHBI on input line 130.
)
*geometry* driver: auto-detecting
*geometry* detected driver: pdftex
*geometry* verbose mode - [ preamble ] result:
* driver: pdftex
* paper: <default>
* layout: <same size as paper>
* layoutoffset:(h,v)=(0.0pt,0.0pt)
* modes: 
* h-part:(L,W,R)=(85.35826pt, 443.57848pt, 85.35826pt)
* v-part:(T,H,B)=(85.35826pt, 624.25346pt, 85.35826pt)
* \paperwidth=614.295pt
* \paperheight=794.96999pt
* \textwidth=443.57848pt
* \textheight=624.25346pt
* \oddsidemargin=13.08827pt
* \evensidemargin=13.08827pt
* \topmargin=-23.91173pt
* \headheight=12.0pt
* \headsep=25.0pt
* \topskip=11.0pt
* \footskip=30.0pt
* \marginparwidth=59.0pt
* \marginparsep=10.0pt
* \columnsep=10.0pt
* \skip\footins=10.0pt plus 4.0pt minus 2.0pt
* \hoffset=0.0pt
* \voffset=0.0pt
* \mag=1000
* \@twocolumnfalse
* \@twosidefalse
* \@mparswitchfalse
* \@reversemarginfalse
* (1in=72.27pt=25.4mm, 1cm=28.453pt)

\c@lstlisting=\count336

Package scrpage2 Warning: seems you are using a constant headheight.
(scrpage2)                If you get overfull \vbox warnings at almost every
(scrpage2)                page, you should increase headheight e.g. writing
(scrpage2)                 \setlength{\headheight}{1.1\baselineskip}
(scrpage2)                into the preamble of your document.
(scrpage2)                A better solution would be to use typearea package.

<logo-CELLOMET-a.png, id=90, 301.125pt x 158.84344pt>
File: logo-CELLOMET-a.png Graphic file (type png)
<use logo-CELLOMET-a.png>
Package pdftex.def Info: logo-CELLOMET-a.png  used on input line 80.
(pdftex.def)             Requested size: 227.62204pt x 120.07512pt.
<Logo-Master-GPhy.png, id=92, 450.9347pt x 441.90094pt>
File: Logo-Master-GPhy.png Graphic file (type png)
<use Logo-Master-GPhy.png>
Package pdftex.def Info: Logo-Master-GPhy.png  used on input line 84.
(pdftex.def)             Requested size: 199.16928pt x 195.17873pt.
(User_Guide.toc [1

\openout4 = `User_Guide.ist'.

{C:/Users/yohan/AppData/Local/MiKTeX/2.9/pdftex/config/pdftex.map} <./logo-CELL
OMET-a.png> <./Logo-Master-GPhy.png>])
\tf@toc=\write7
\openout7 = `User_Guide.toc'.


Overfull \vbox (1.61752pt too high) has occurred while \output is active []


[2]
<main_app_screen.png, id=135, 719.68875pt x 779.91376pt>
File: main_app_screen.png Graphic file (type png)
<use main_app_screen.png>
Package pdftex.def Info: main_app_screen.png  used on input line 100.
(pdftex.def)             Requested size: 262.55792pt x 284.5293pt.

Overfull \vbox (1.61752pt too high) has occurred while \output is active []


[3 <./main_app_screen.png>]
("C:\Users\yohan\AppData\Local\Programs\MiKTeX 2.9\tex/latex/listings\lstlang1.
sty"
File: lstlang1.sty 2019/09/10 1.8c listings language file
)
("C:\Users\yohan\AppData\Local\Programs\MiKTeX 2.9\tex/latex/listings\lstlang1.
sty"
File: lstlang1.sty 2019/09/10 1.8c listings language file
)
("C:\Users\yohan\AppData\Local\Programs\MiKTeX 2.9\tex/latex/listings\lstmisc.s
ty"
File: lstmisc.sty 2019/09/10 1.8c (Carsten Heinz)
)
LaTeX Font Info:    Trying to load font information for OMS+cmr on input line 1
19.
 ("C:\Users\yohan\AppData\Local\Programs\MiKTeX 2.9\tex/latex/base\omscmr.fd"
File: omscmr.fd 2014/09/29 v2.5h Standard LaTeX font definitions
)
LaTeX Font Info:    Font shape `OMS/cmr/m/n' in size <10.95> not available
(Font)              Font shape `OMS/cmsy/m/n' tried instead on input line 119.

("C:\Users\yohan\AppData\Local\Programs\MiKTeX 2.9\tex/latex/listings\lstlang1.
sty"
File: lstlang1.sty 2019/09/10 1.8c listings language file
)
Overfull \vbox (1.61752pt too high) has occurred while \output is active []


[4]
Underfull \hbox (badness 10000) in paragraph at lines 144--146

 []


Overfull \vbox (1.61752pt too high) has occurred while \output is active []


[5]
<connect_DB.png, id=189, 719.68875pt x 781.41937pt>
File: connect_DB.png Graphic file (type png)
<use connect_DB.png>
Package pdftex.def Info: connect_DB.png  used on input line 167.
(pdftex.def)             Requested size: 262.05276pt x 284.53009pt.

Overfull \vbox (1.61752pt too high) has occurred while \output is active []


[6 <./connect_DB.png>]
<deseq2_screen.png, id=210, 721.94719pt x 781.41937pt>
File: deseq2_screen.png Graphic file (type png)
<use deseq2_screen.png>
Package pdftex.def Info: deseq2_screen.png  used on input line 184.
(pdftex.def)             Requested size: 262.8751pt x 284.53009pt.

Overfull \vbox (1.61752pt too high) has occurred while \output is active []


[7 <./deseq2_screen.png>]
<data_format_deseq2.PNG, id=227, 482.55281pt x 72.27pt>
File: data_format_deseq2.PNG Graphic file (type png)
<use data_format_deseq2.PNG>
Package pdftex.def Info: data_format_deseq2.PNG  used on input line 196.
(pdftex.def)             Requested size: 426.80518pt x 63.92088pt.
<dese2_excel_data_format.png, id=232, 460.72125pt x 109.1578pt>
File: dese2_excel_data_format.png Graphic file (type png)
<use dese2_excel_data_format.png>
Package pdftex.def Info: dese2_excel_data_format.png  used on input line 205.
(pdftex.def)             Requested size: 426.78615pt x 101.11761pt.

Overfull \vbox (1.61752pt too high) has occurred while \output is active []


[8 <./data_format_deseq2.PNG> <./dese2_excel_data_format.png>]
Overfull \hbox (2.72464pt too wide) in paragraph at lines 222--224
\OT1/cmr/m/n/10.95 A dif-fer-en-tial ex-pres-sion file, this is a file that wil
l con-tain the base-Mean, log2FoldChange,
 []


Overfull \vbox (1.61752pt too high) has occurred while \output is active []


[9]
<gene_list_analysis.png, id=263, 721.19438pt x 781.41937pt>
File: gene_list_analysis.png Graphic file (type png)
<use gene_list_analysis.png>
Package pdftex.def Info: gene_list_analysis.png  used on input line 248.
(pdftex.def)             Requested size: 262.601pt x 284.53009pt.

Overfull \vbox (1.61752pt too high) has occurred while \output is active []


[10 <./gene_list_analysis.png>]
<KEGG_Mapper.png, id=284, 721.19438pt x 549.55313pt>
File: KEGG_Mapper.png Graphic file (type png)
<use KEGG_Mapper.png>
Package pdftex.def Info: KEGG_Mapper.png  used on input line 268.
(pdftex.def)             Requested size: 373.40558pt x 284.5366pt.

Overfull \vbox (1.61752pt too high) has occurred while \output is active []


[11 <./KEGG_Mapper.png>]
<MERAV.png, id=305, 721.94719pt x 782.17218pt>
File: MERAV.png Graphic file (type png)
<use MERAV.png>
Package pdftex.def Info: MERAV.png  used on input line 295.
(pdftex.def)             Requested size: 262.62173pt x 284.52971pt.


LaTeX Warning: `!h' float specifier changed to `!ht'.


Overfull \vbox (1.61752pt too high) has occurred while \output is active []


[12]
<results_tab.png, id=326, 718.93594pt x 781.41937pt>
File: results_tab.png Graphic file (type png)
<use results_tab.png>
Package pdftex.def Info: results_tab.png  used on input line 319.
(pdftex.def)             Requested size: 261.77866pt x 284.53009pt.


LaTeX Warning: `!h' float specifier changed to `!ht'.


Overfull \vbox (1.61752pt too high) has occurred while \output is active []


[13 <./MERAV.png>]
<custom_volcano_tab.png, id=343, 724.20563pt x 784.43062pt>
File: custom_volcano_tab.png Graphic file (type png)
<use custom_volcano_tab.png>
Package pdftex.def Info: custom_volcano_tab.png  used on input line 332.
(pdftex.def)             Requested size: 262.6808pt x 284.52536pt.


LaTeX Warning: `!h' float specifier changed to `!ht'.

<maplot.png, id=344, 2509.375pt x 2007.5pt>
File: maplot.png Graphic file (type png)
<use maplot.png>
Package pdftex.def Info: maplot.png  used on input line 342.
(pdftex.def)             Requested size: 199.60895pt x 159.68433pt.
<volcano.png, id=345, 1204.5pt x 1003.75pt>
File: volcano.png Graphic file (type png)
<use volcano.png>
Package pdftex.def Info: volcano.png  used on input line 348.
(pdftex.def)             Requested size: 199.60895pt x 166.33145pt.

Overfull \vbox (1.61752pt too high) has occurred while \output is active []


[14 <./results_tab.png>] (User_Guide.acr
Overfull \vbox (1.61752pt too high) has occurred while \output is active []


[15 <./custom_volcano_tab.png>]) (User_Guide.bbl)
Package atveryend Info: Empty hook `BeforeClearDocument' on input line 374.

Overfull \vbox (1.61752pt too high) has occurred while \output is active []


[16 <./maplot.png> <./volcano.png>]
Package atveryend Info: Empty hook `AfterLastShipout' on input line 374.
 (User_Guide.aux)
Package atveryend Info: Executing hook `AtVeryEndDocument' on input line 374.
Package atveryend Info: Executing hook `AtEndAfterFileList' on input line 374.
Package rerunfilecheck Info: File `User_Guide.out' has not changed.
(rerunfilecheck)             Checksum: BA24D3921D5338AB95C127CB9992C942;1383.
Package atveryend Info: Empty hook `AtVeryVeryEnd' on input line 374.
 ) 
Here is how much of TeX's memory you used:
 26806 strings out of 492452
 476301 string characters out of 3120064
 898702 words of memory out of 3000000
 30696 multiletter control sequences out of 15000+200000
 540386 words of font info for 53 fonts, out of 3000000 for 9000
 1141 hyphenation exceptions out of 8191
 52i,10n,97p,1018b,1192s stack positions out of 5000i,500n,10000p,200000b,50000s
<C:/Users/yohan/AppData/Local/Programs/MiKTeX 2.9/fonts/type1/public/amsfonts
/cm/cmbx10.pfb><C:/Users/yohan/AppData/Local/Programs/MiKTeX 2.9/fonts/type1/pu
blic/amsfonts/cm/cmbx12.pfb><C:/Users/yohan/AppData/Local/Programs/MiKTeX 2.9/f
onts/type1/public/amsfonts/cm/cmcsc10.pfb><C:/Users/yohan/AppData/Local/Program
s/MiKTeX 2.9/fonts/type1/public/amsfonts/cm/cmmi10.pfb><C:/Users/yohan/AppData/
Local/Programs/MiKTeX 2.9/fonts/type1/public/amsfonts/cm/cmr10.pfb><C:/Users/yo
han/AppData/Local/Programs/MiKTeX 2.9/fonts/type1/public/amsfonts/cm/cmr12.pfb>
<C:/Users/yohan/AppData/Local/Programs/MiKTeX 2.9/fonts/type1/public/amsfonts/c
m/cmsy10.pfb><C:/Users/yohan/AppData/Local/Programs/MiKTeX 2.9/fonts/type1/publ
ic/amsfonts/cm/cmti10.pfb><C:/Users/yohan/AppData/Local/Programs/MiKTeX 2.9/fon
ts/type1/public/amsfonts/cm/cmtt10.pfb>
Output written on User_Guide.pdf (16 pages, 1123725 bytes).
PDF statistics:
 446 PDF objects out of 1000 (max. 8388607)
 93 named destinations out of 1000 (max. 500000)
 247 words of extra memory for PDF output out of 10000 (max. 10000000)

