\BOOKMARK [1][-]{section.1}{Introduction }{}% 1
\BOOKMARK [1][-]{section.2}{Installation}{}% 2
\BOOKMARK [2][-]{subsection.2.1}{Windows}{section.2}% 3
\BOOKMARK [2][-]{subsection.2.2}{Mac}{section.2}% 4
\BOOKMARK [1][-]{section.3}{Connection to database}{}% 5
\BOOKMARK [1][-]{section.4}{DESeq2 analysis}{}% 6
\BOOKMARK [2][-]{subsection.4.1}{Tab layout }{section.4}% 7
\BOOKMARK [2][-]{subsection.4.2}{Data format }{section.4}% 8
\BOOKMARK [2][-]{subsection.4.3}{launching the analysis}{section.4}% 9
\BOOKMARK [2][-]{subsection.4.4}{Results obtained}{section.4}% 10
\BOOKMARK [3][-]{subsubsection.4.4.1}{Main results}{subsection.4.4}% 11
\BOOKMARK [3][-]{subsubsection.4.4.2}{Figures generated}{subsection.4.4}% 12
\BOOKMARK [3][-]{subsubsection.4.4.3}{Non-canonical gene analysis}{subsection.4.4}% 13
\BOOKMARK [1][-]{section.5}{Gene list analysis }{}% 14
\BOOKMARK [2][-]{subsection.5.1}{KEGG Mapper }{section.5}% 15
\BOOKMARK [2][-]{subsection.5.2}{Metabolic GEne RApid Visualizer \(MERAV\)}{section.5}% 16
\BOOKMARK [2][-]{subsection.5.3}{Non-canonical gene analysis}{section.5}% 17
\BOOKMARK [1][-]{section.6}{Results }{}% 18
\BOOKMARK [1][-]{section.7}{Custom MA and Volcano plots }{}% 19
\BOOKMARK [1][-]{section.8}{Common errors }{}% 20
\BOOKMARK [1][-]{section*.1}{Acronyms}{}% 21
\BOOKMARK [1][-]{section*.1}{References}{}% 22
